2024-09-17 12:00:30 : Web server is running on :8080
2024-09-17 12:02:27 : Web server is running on :8080
2024-09-17 12:15:43 : Web server is running on :8080
2024-09-17 12:41:27 : Web server is running on :8080
2024-09-17 15:10:47 : Web server is running on :8080
2024-09-17 15:42:42 : Web server is running on :8080
2024-09-17 15:43:58 : Received request to fetch Positions details for UCCID: 8500172697
2024-09-17 15:44:00 : Successfully fetched order details for UCCID: 8500172697
2024-09-17 15:44:07 : Received request to fetch Positions details for UCCID: 8500172697
2024-09-17 15:44:08 : Successfully fetched order details for UCCID: 8500172697
2024-09-17 23:07:25 : Web server is running on :8080
2024-09-17 23:08:22 : Received request to fetch Positions details for UCCID: 8500172697
2024-09-17 23:08:22 : Error fetching FNO positions: rpc error: code = Unknown desc = failed to get positions: error fetching positions: sql: Scan error on column index 36, name "DeliveryObligationBlocked": converting driver.Value type string ("") to a float64: invalid syntax; sql: Scan error on column index 36, name "DeliveryObligationBlocked": converting driver.Value type string ("") to a float64: invalid syntax; sql: Scan error on column index 36, name "DeliveryObligationBlocked": converting driver.Value type string ("") to a float64: invalid syntax; sql: Scan error on column index 36, name "DeliveryObligationBlocked": converting driver.Value type string ("") to a float64: invalid syntax; sql: Scan error on column index 36, name "DeliveryObligationBlocked": converting driver.Value type string ("") to a float64: invalid syntax; sql: Scan error on column index 36, name "DeliveryObligationBlocked": converting driver.Value type string ("") to a float64: invalid syntax; sql: Scan error on column index 36, name "DeliveryObligationBlocked": converting driver.Value type string ("") to a float64: invalid syntax; sql: Scan error on column index 36, name "DeliveryObligationBlocked": converting driver.Value type string ("") to a float64: invalid syntax; sql: Scan error on column index 36, name "DeliveryObligationBlocked": converting driver.Value type string ("") to a float64: invalid syntax; sql: Scan error on column index 36, name "DeliveryObligationBlocked": converting driver.Value type string ("") to a float64: invalid syntax; sql: Scan error on column index 36, name "DeliveryObligationBlocked": converting driver.Value type string ("") to a float64: invalid syntax; sql: Scan error on column index 36, name "DeliveryObligationBlocked": converting driver.Value type string ("") to a float64: invalid syntax; sql: Scan error on column index 36, name "DeliveryObligationBlocked": converting driver.Value type string ("") to a float64: invalid syntax; sql: Scan error on column index 36, name "DeliveryObligationBlocked": converting driver.Value type string ("") to a float64: invalid syntax; sql: Scan error on column index 36, name "DeliveryObligationBlocked": converting driver.Value type string ("") to a float64: invalid syntax; sql: Scan error on column index 36, name "DeliveryObligationBlocked": converting driver.Value type string ("") to a float64: invalid syntax; sql: Scan error on column index 36, name "DeliveryObligationBlocked": converting driver.Value type string ("") to a float64: invalid syntax; sql: Scan error on column index 36, name "DeliveryObligationBlocked": converting driver.Value type string ("") to a float64: invalid syntax; sql: Scan error on column index 36, name "DeliveryObligationBlocked": converting driver.Value type string ("") to a float64: invalid syntax; sql: Scan error on column index 36, name "DeliveryObligationBlocked": converting driver.Value type string ("") to a float64: invalid syntax; sql: Scan error on column index 36, name "DeliveryObligationBlocked": converting driver.Value type string ("") to a float64: invalid syntax; sql: Scan error on column index 36, name "DeliveryObligationBlocked": converting driver.Value type string ("") to a float64: invalid syntax; sql: Scan error on column index 36, name "DeliveryObligationBlocked": converting driver.Value type string ("") to a float64: invalid syntax; sql: Scan error on column index 36, name "DeliveryObligationBlocked": converting driver.Value type string ("") to a float64: invalid syntax; sql: Scan error on column index 36, name "DeliveryObligationBlocked": converting driver.Value type string ("") to a float64: invalid syntax; sql: Scan error on column index 36, name "DeliveryObligationBlocked": converting driver.Value type string ("") to a float64: invalid syntax; sql: Scan error on column index 36, name "DeliveryObligationBlocked": converting driver.Value type string ("") to a float64: invalid syntax; sql: Scan error on column index 36, name "DeliveryObligationBlocked": converting driver.Value type string ("") to a float64: invalid syntax; sql: Scan error on column index 36, name "DeliveryObligationBlocked": converting driver.Value type string ("") to a float64: invalid syntax; sql: Scan error on column index 36, name "DeliveryObligationBlocked": converting driver.Value type string ("") to a float64: invalid syntax; sql: Scan error on column index 36, name "DeliveryObligationBlocked": converting driver.Value type string ("") to a float64: invalid syntax; sql: Scan error on column index 36, name "DeliveryObligationBlocked": converting driver.Value type string ("") to a float64: invalid syntax; sql: Scan error on column index 36, name "DeliveryObligationBlocked": converting driver.Value type string ("") to a float64: invalid syntax; sql: Scan error on column index 36, name "DeliveryObligationBlocked": converting driver.Value type string ("") to a float64: invalid syntax; sql: Scan error on column index 36, name "DeliveryObligationBlocked": converting driver.Value type string ("") to a float64: invalid syntax; sql: Scan error on column index 36, name "DeliveryObligationBlocked": converting driver.Value type string ("") to a float64: invalid syntax; sql: Scan error on column index 36, name "DeliveryObligationBlocked": converting driver.Value type string ("") to a float64: invalid syntax; sql: Scan error on column index 36, name "DeliveryObligationBlocked": converting driver.Value type string ("") to a float64: invalid syntax; sql: Scan error on column index 36, name "DeliveryObligationBlocked": converting driver.Value type string ("") to a float64: invalid syntax; sql: Scan error on column index 36, name "DeliveryObligationBlocked": converting driver.Value type string ("") to a float64: invalid syntax; sql: Scan error on column index 36, name "DeliveryObligationBlocked": converting driver.Value type string ("") to a float64: invalid syntax; sql: Scan error on column index 36, name "DeliveryObligationBlocked": converting driver.Value type string ("") to a float64: invalid syntax; sql: Scan error on column index 36, name "DeliveryObligationBlocked": converting driver.Value type string ("") to a float64: invalid syntax; sql: Scan error on column index 36, name "DeliveryObligationBlocked": converting driver.Value type string ("") to a float64: invalid syntax; sql: Scan error on column index 36, name "DeliveryObligationBlocked": converting driver.Value type string ("") to a float64: invalid syntax; sql: Scan error on column index 36, name "DeliveryObligationBlocked": converting driver.Value type string ("") to a float64: invalid syntax; sql: Scan error on column index 36, name "DeliveryObligationBlocked": converting driver.Value type string ("") to a float64: invalid syntax; sql: Scan error on column index 36, name "DeliveryObligationBlocked": converting driver.Value type string ("") to a float64: invalid syntax; sql: Scan error on column index 36, name "DeliveryObligationBlocked": converting driver.Value type string ("") to a float64: invalid syntax; sql: Scan error on column index 36, name "DeliveryObligationBlocked": converting driver.Value type string ("") to a float64: invalid syntax
2024-09-17 23:21:58 : Received request to fetch Positions details for UCCID: 8500172697
2024-09-17 23:22:00 : Successfully fetched order details for UCCID: 8500172697
2024-09-17 23:22:25 : Received request to fetch Positions details for UCCID: 8500172697
2024-09-17 23:22:30 : Successfully fetched order details for UCCID: 8500172697
2024-09-17 23:26:24 : Web server is running on :8080
2024-09-17 23:31:10 : Received request to fetch Positions details for UCCID: 8500172697
2024-09-17 23:31:11 : Successfully fetched order details for UCCID: 8500172697
2024-09-17 23:32:01 : Received request to fetch Positions details for UCCID: 8500172697
2024-09-17 23:32:01 : Error fetching FNO positions: rpc error: code = Unknown desc = failed to get positions: error fetching positions: ERROR: syntax error at or near ")" (SQLSTATE 42601)
2024-09-17 23:32:51 : Received request to fetch Positions details for UCCID: 8500172697
2024-09-17 23:32:52 : Successfully fetched order details for UCCID: 8500172697
2024-09-17 23:39:58 : Received request to fetch Positions details for UCCID: 8500172697
2024-09-17 23:40:00 : Successfully fetched order details for UCCID: 8500172697
2024-09-17 23:40:04 : Received request to fetch Positions details for UCCID: 8500172697
2024-09-17 23:40:05 : Successfully fetched order details for UCCID: 8500172697
2024-09-17 23:40:20 : Received request to fetch Positions details for UCCID: 8500172697
2024-09-17 23:40:21 : Successfully fetched order details for UCCID: 8500172697
2024-09-17 23:40:27 : Received request to fetch Positions details for UCCID: 8500172697
2024-09-17 23:40:28 : Successfully fetched order details for UCCID: 8500172697
2024-09-17 23:50:05 : Received request to fetch Positions details for UCCID: 8500172697
2024-09-17 23:50:05 : Successfully fetched order details for UCCID: 8500172697
2024-09-17 23:50:17 : Received request to fetch Positions details for UCCID: 8500172697
2024-09-17 23:50:20 : Successfully fetched order details for UCCID: 8500172697
2024-09-17 23:53:07 : Received request to fetch Positions details for UCCID: 8500172697
2024-09-17 23:53:08 : Successfully fetched order details for UCCID: 8500172697
2024-09-17 23:53:10 : Received request to fetch Positions details for UCCID: 8500172697
2024-09-17 23:53:11 : Successfully fetched order details for UCCID: 8500172697
2024-09-17 23:54:04 : Received request to fetch Positions details for UCCID: 8500172697
2024-09-17 23:54:05 : Successfully fetched order details for UCCID: 8500172697
2024-09-17 23:54:44 : Received request to fetch Positions details for UCCID: 8500172697
2024-09-17 23:54:46 : Successfully fetched order details for UCCID: 8500172697
2024-09-17 23:57:43 : Received request to fetch Positions details for UCCID: 8500172697
2024-09-17 23:57:45 : Successfully fetched order details for UCCID: 8500172697
2024-09-17 23:57:55 : Received request to fetch Positions details for UCCID: 8500172697
2024-09-17 23:57:56 : Successfully fetched order details for UCCID: 8500172697
2024-09-17 23:57:58 : Received request to fetch Positions details for UCCID: 8500172697
2024-09-17 23:57:59 : Successfully fetched order details for UCCID: 8500172697
2024-09-17 23:58:34 : Received request to fetch Positions details for UCCID: 8500172697
2024-09-17 23:58:35 : Successfully fetched order details for UCCID: 8500172697
2024-09-17 23:59:48 : Web server is running on :8080
2024-09-18 00:00:11 : Received request to fetch Positions details for UCCID: 8500172697
2024-09-18 00:00:13 : Successfully fetched order details for UCCID: 8500172697
2024-09-18 00:04:06 : Received request to fetch Positions details for UCCID: 8500172697
2024-09-18 00:04:07 : Successfully fetched order details for UCCID: 8500172697
